<?xml version="1.0" encoding="UTF-8"?>
<!-- Generated by org.testng.reporters.JUnitXMLReporter -->
<testsuite ignored="2" hostname="DESKTOP-N61B0N0" failures="0" tests="4" name="Test" time="28.279" errors="0" timestamp="2023-11-30T18:02:45 IST">
  <testcase classname="Admin_Module.AddProductsTest" name="product" time="7.031"/>
  <testcase classname="Admin_Module.EditProductendtoendtest" name="editproduct" time="11.06"/>
  <testcase classname="Admin_Module.Add_RetailerTest" name="addretailer" time="0.181"/>
  <testcase classname="Admin_Module.Deleting_retailertest" name="deleteretailer" time="1.927"/>
  <testcase classname="com.scmflex.Genericutils.BaseClass" name="@AfterSuite config_As" time="0.0">
    <ignored/>
  </testcase> <!-- @AfterSuite config_As -->
  <testcase classname="com.scmflex.Genericutils.BaseClass" name="@BeforeSuite config_BS" time="0.0">
    <ignored/>
  </testcase> <!-- @BeforeSuite config_BS -->
</testsuite> <!-- Test -->
