<?xml version="1.0" encoding="UTF-8"?>
<testng-results ignored="0" total="4" passed="4" failed="0" skipped="0">
  <reporter-output>
    <line>
      <![CDATA[product-----Testscript execution starts from here----]]>
    </line>
    <line>
      <![CDATA[product-------Testscript executed successfully---]]>
    </line>
    <line>
      <![CDATA[editproduct-----Testscript execution starts from here----]]>
    </line>
    <line>
      <![CDATA[editproduct-------Testscript executed successfully---]]>
    </line>
    <line>
      <![CDATA[addretailer-----Testscript execution starts from here----]]>
    </line>
    <line>
      <![CDATA[addretailer-------Testscript executed successfully---]]>
    </line>
    <line>
      <![CDATA[deleteretailer-----Testscript execution starts from here----]]>
    </line>
    <line>
      <![CDATA[deleteretailer-------Testscript executed successfully---]]>
    </line>
  </reporter-output>
  <suite started-at="2023-11-30T18:02:17 IST" name="Suite" finished-at="2023-11-30T18:02:45 IST" duration-ms="28279">
    <groups>
      <group name="Integration">
        <method signature="AddProductsTest.product()[pri:0, instance:Admin_Module.AddProductsTest@78e4deb0]" name="product" class="Admin_Module.AddProductsTest"/>
      </group> <!-- Integration -->
    </groups>
    <test started-at="2023-11-30T18:02:17 IST" name="Test" finished-at="2023-11-30T18:02:45 IST" duration-ms="28279">
      <class name="Admin_Module.AddProductsTest">
        <test-method signature="product()[pri:0, instance:Admin_Module.AddProductsTest@78e4deb0]" started-at="2023-11-30T18:02:18 IST" name="product" finished-at="2023-11-30T18:02:25 IST" duration-ms="7031" status="PASS">
          <reporter-output>
            <line>
              <![CDATA[product-----Testscript execution starts from here----]]>
            </line>
            <line>
              <![CDATA[product-------Testscript executed successfully---]]>
            </line>
          </reporter-output>
        </test-method> <!-- product -->
      </class> <!-- Admin_Module.AddProductsTest -->
      <class name="Admin_Module.Add_RetailerTest">
        <test-method is-config="true" signature="config_BS()[pri:0, instance:Admin_Module.Add_RetailerTest@72cc7e6f]" started-at="2023-11-30T18:02:17 IST" name="config_BS" finished-at="2023-11-30T18:02:17 IST" duration-ms="374" status="PASS">
          <reporter-output>
          </reporter-output>
        </test-method> <!-- config_BS -->
        <test-method is-config="true" signature="config_BC()[pri:0, instance:Admin_Module.Add_RetailerTest@72cc7e6f]" started-at="2023-11-30T18:02:36 IST" name="config_BC" finished-at="2023-11-30T18:02:38 IST" duration-ms="1910" status="PASS">
          <reporter-output>
          </reporter-output>
        </test-method> <!-- config_BC -->
        <test-method is-config="true" signature="config_BM()[pri:0, instance:Admin_Module.Add_RetailerTest@72cc7e6f]" started-at="2023-11-30T18:02:38 IST" name="config_BM" finished-at="2023-11-30T18:02:39 IST" duration-ms="1031" status="PASS">
          <reporter-output>
          </reporter-output>
        </test-method> <!-- config_BM -->
        <test-method signature="addretailer()[pri:0, instance:Admin_Module.Add_RetailerTest@72cc7e6f]" started-at="2023-11-30T18:02:39 IST" name="addretailer" finished-at="2023-11-30T18:02:39 IST" duration-ms="181" status="PASS">
          <reporter-output>
            <line>
              <![CDATA[addretailer-----Testscript execution starts from here----]]>
            </line>
            <line>
              <![CDATA[addretailer-------Testscript executed successfully---]]>
            </line>
          </reporter-output>
        </test-method> <!-- addretailer -->
        <test-method is-config="true" signature="config_AM()[pri:0, instance:Admin_Module.Add_RetailerTest@72cc7e6f]" started-at="2023-11-30T18:02:39 IST" name="config_AM" finished-at="2023-11-30T18:02:39 IST" duration-ms="166" status="PASS">
          <reporter-output>
          </reporter-output>
        </test-method> <!-- config_AM -->
        <test-method is-config="true" signature="config_AC()[pri:0, instance:Admin_Module.Add_RetailerTest@72cc7e6f]" started-at="2023-11-30T18:02:39 IST" name="config_AC" finished-at="2023-11-30T18:02:39 IST" duration-ms="334" status="PASS">
          <reporter-output>
          </reporter-output>
        </test-method> <!-- config_AC -->
        <test-method is-config="true" signature="config_As()[pri:0, instance:Admin_Module.Add_RetailerTest@72cc7e6f]" started-at="2023-11-30T18:02:46 IST" name="config_As" finished-at="2023-11-30T18:02:46 IST" duration-ms="11" status="PASS">
          <reporter-output>
          </reporter-output>
        </test-method> <!-- config_As -->
      </class> <!-- Admin_Module.Add_RetailerTest -->
      <class name="Admin_Module.EditProductendtoendtest">
        <test-method signature="editproduct()[pri:0, instance:Admin_Module.EditProductendtoendtest@202b0582]" started-at="2023-11-30T18:02:25 IST" name="editproduct" finished-at="2023-11-30T18:02:36 IST" duration-ms="11060" status="PASS">
          <reporter-output>
            <line>
              <![CDATA[editproduct-----Testscript execution starts from here----]]>
            </line>
            <line>
              <![CDATA[editproduct-------Testscript executed successfully---]]>
            </line>
          </reporter-output>
        </test-method> <!-- editproduct -->
      </class> <!-- Admin_Module.EditProductendtoendtest -->
      <class name="Admin_Module.Deleting_retailertest">
        <test-method is-config="true" signature="config_BC()[pri:0, instance:Admin_Module.Deleting_retailertest@5afa3c9]" started-at="2023-11-30T18:02:39 IST" name="config_BC" finished-at="2023-11-30T18:02:41 IST" duration-ms="2003" status="PASS">
          <reporter-output>
          </reporter-output>
        </test-method> <!-- config_BC -->
        <test-method is-config="true" signature="config_BM()[pri:0, instance:Admin_Module.Deleting_retailertest@5afa3c9]" started-at="2023-11-30T18:02:41 IST" name="config_BM" finished-at="2023-11-30T18:02:43 IST" duration-ms="1021" status="PASS">
          <reporter-output>
          </reporter-output>
        </test-method> <!-- config_BM -->
        <test-method signature="deleteretailer()[pri:0, instance:Admin_Module.Deleting_retailertest@5afa3c9]" started-at="2023-11-30T18:02:43 IST" name="deleteretailer" finished-at="2023-11-30T18:02:44 IST" duration-ms="1927" status="PASS">
          <reporter-output>
            <line>
              <![CDATA[deleteretailer-----Testscript execution starts from here----]]>
            </line>
            <line>
              <![CDATA[deleteretailer-------Testscript executed successfully---]]>
            </line>
          </reporter-output>
        </test-method> <!-- deleteretailer -->
        <test-method is-config="true" signature="config_AM()[pri:0, instance:Admin_Module.Deleting_retailertest@5afa3c9]" started-at="2023-11-30T18:02:44 IST" name="config_AM" finished-at="2023-11-30T18:02:45 IST" duration-ms="714" status="PASS">
          <reporter-output>
          </reporter-output>
        </test-method> <!-- config_AM -->
        <test-method is-config="true" signature="config_AC()[pri:0, instance:Admin_Module.Deleting_retailertest@5afa3c9]" started-at="2023-11-30T18:02:45 IST" name="config_AC" finished-at="2023-11-30T18:02:45 IST" duration-ms="311" status="PASS">
          <reporter-output>
          </reporter-output>
        </test-method> <!-- config_AC -->
      </class> <!-- Admin_Module.Deleting_retailertest -->
    </test> <!-- Test -->
  </suite> <!-- Suite -->
</testng-results>
